{
  "RSpec": {
    "coverage": {
      "/Users/campuscode04/workspace/qsd-projeto-final-produtos/app/models/periodicity.rb": [
        1,
        null
      ],
      "/Users/campuscode04/workspace/qsd-projeto-final-produtos/app/models/product_category.rb": [
        1,
        null
      ],
      "/Users/campuscode04/workspace/qsd-projeto-final-produtos/app/controllers/home_controller.rb": [
        1,
        1,
        null,
        null
      ],
      "/Users/campuscode04/workspace/qsd-projeto-final-produtos/app/controllers/application_controller.rb": [
        1,
        1,
        null
      ],
      "/Users/campuscode04/workspace/qsd-projeto-final-produtos/app/controllers/periodicities_controller.rb": [
        1,
        1,
        3,
        3,
        1,
        1,
        null,
        null,
        null
      ],
      "/Users/campuscode04/workspace/qsd-projeto-final-produtos/app/controllers/product_categories_controller.rb": [
        1,
        1,
        3,
        3,
        1,
        1,
        null,
        null,
        null
      ]
    },
    "timestamp": 1517339213
  }
}
